2024-11-01 19:31:07 [[32minfo[39m]: Listening on 8080
2024-11-06 19:45:29 [[32minfo[39m]: Listening on 8080
2024-11-06 19:52:42 [[32minfo[39m]: Listening on 8080
2024-11-06 19:53:05 [[32minfo[39m]: Listening on 8080
2024-11-06 19:53:09 [[32minfo[39m]: Listening on 8080
2024-11-06 19:53:42 [[32minfo[39m]: Listening on 8080
2024-11-06 19:53:49 [[32minfo[39m]: Listening on 8080
2024-11-06 19:53:57 [[32minfo[39m]: Listening on 8080
2024-11-06 19:54:01 [[32minfo[39m]: Listening on 8080
2024-11-06 20:01:48 [[32minfo[39m]: Listening on 8080
2024-11-06 20:09:04 [[32minfo[39m]: Listening on 8080
2024-11-06 20:10:59 [[32minfo[39m]: Listening on 8080
2024-11-06 20:12:06 [[32minfo[39m]: Listening on 8080
2024-11-06 20:12:22 [[31merror[39m]: undefined Operation `pets.find()` buffering timed out after 10000ms
2024-11-06 20:42:51 [[32minfo[39m]: Listening on 8080
2024-11-06 20:42:53 [[32minfo[39m]: Listening on 8080
2024-11-06 20:49:09 [[32minfo[39m]: Listening on 8080
2024-11-06 20:49:43 [[32minfo[39m]: Listening on 8080
2024-11-06 20:49:50 [[32minfo[39m]: Listening on 8080
2024-11-06 20:49:54 [[32minfo[39m]: Listening on 8080
2024-11-06 20:55:36 [[32minfo[39m]: Listening on 8080
2024-11-06 20:55:51 [[32minfo[39m]: Listening on 8080
2024-11-06 20:55:57 [[32minfo[39m]: Listening on 8080
2024-11-06 20:56:57 [[32minfo[39m]: Listening on 8080
2024-11-06 20:59:54 [[32minfo[39m]: Listening on 8080
2024-11-06 21:01:15 [[32minfo[39m]: Listening on 8080
2024-11-06 21:01:37 [[32minfo[39m]: Listening on 8080
2024-11-06 21:02:21 [[31merror[39m]: undefined Nuestro error
2024-11-06 21:06:59 [[32minfo[39m]: Listening on 8080
2024-11-06 21:19:11 [[32minfo[39m]: Listening on 8080
2024-11-07 08:57:42 [[32minfo[39m]: Listening on 8080
2024-11-07 08:57:44 [[32minfo[39m]: Listening on 8080
2024-11-07 08:58:18 [[32minfo[39m]: Listening on 8080
2024-11-07 09:20:34 [[32minfo[39m]: Listening on 8080
2024-11-07 09:20:45 [[32minfo[39m]: Listening on 8080
2024-11-07 09:22:03 [[32minfo[39m]: Listening on 8080
2024-11-07 09:22:05 [[32minfo[39m]: Listening on 8080
2024-11-07 09:23:46 [[32minfo[39m]: Listening on 8080
2024-11-07 09:26:54 [[31merror[39m]: undefined Nuestro error
2024-11-07 09:32:22 [[32minfo[39m]: Listening on 8080
2024-11-07 09:32:48 [[31merror[39m]: undefined Nuestro error
2024-11-07 09:35:35 [[32minfo[39m]: Listening on 8080
2024-11-07 09:38:32 [[32minfo[39m]: Listening on 8080
2024-11-07 09:49:38 [[32minfo[39m]: Listening on 8080
2024-11-07 09:49:40 [[31merror[39m]: undefined this.userDao.getBy is not a function
2024-11-07 09:49:43 [[31merror[39m]: undefined this.userDao.getBy is not a function
2024-11-07 09:54:37 [[32minfo[39m]: Listening on 8080
2024-11-07 09:56:06 [[32minfo[39m]: Listening on 8080
2024-11-07 09:57:05 [[32minfo[39m]: Listening on 8080
2024-11-07 09:58:58 [[32minfo[39m]: Listening on 8080
2024-11-07 09:58:59 [[32minfo[39m]: Listening on 8080
2024-11-07 09:59:09 [[31merror[39m]: undefined this.userDao.getBy is not a function
2024-11-07 10:02:08 [[32minfo[39m]: Listening on 8080
2024-11-07 10:02:10 [[31merror[39m]: undefined this.userDao.getBy is not a function
2024-11-07 10:04:54 [[32minfo[39m]: Listening on 8080
2024-11-07 10:08:07 [[32minfo[39m]: Listening on 8080
2024-11-07 10:08:09 [[32minfo[39m]: Listening on 8080
2024-11-07 10:08:17 [[31merror[39m]: undefined User id 672cb2028ff8010076c64f24 not found
2024-11-07 10:09:12 [[32minfo[39m]: Listening on 8080
2024-11-07 10:10:44 [[32minfo[39m]: Listening on 8080
2024-11-07 10:11:55 [[32minfo[39m]: Server is running on http://localhost:8080
2024-11-07 10:11:55 [[32minfo[39m]: API documentation is available at http://localhost:8080/api-docs/
2024-11-07 10:13:04 [[32minfo[39m]: Server is running on http://localhost:8080
2024-11-07 10:13:04 [[32minfo[39m]: API documentation is available at http://localhost:8080/api-docs/
2024-11-07 10:13:32 [[32minfo[39m]: El servidor está corriendo en http://localhost:8080
2024-11-07 10:13:32 [[32minfo[39m]: La documentación de la API está disponible en http://localhost:8080/api-docs/
2024-11-07 10:13:33 [[32minfo[39m]: El servidor está corriendo en http://localhost:8080
2024-11-07 10:13:33 [[32minfo[39m]: La documentación de la API está disponible en http://localhost:8080/api-docs/
2024-11-07 10:15:01 [[32minfo[39m]: El servidor está corriendo en http://localhost:8080
2024-11-07 10:15:02 [[32minfo[39m]: La documentación de la API está disponible en http://localhost:8080/api-docs/
2024-11-07 10:16:12 [[32minfo[39m]: El servidor está corriendo en http://localhost:8080
2024-11-07 10:16:12 [[32minfo[39m]: La documentación de la API está disponible en http://localhost:8080/api-docs/
2024-11-07 10:16:33 [[32minfo[39m]: El servidor está corriendo en http://localhost:8080
2024-11-07 10:16:33 [[32minfo[39m]: La documentación de la API está disponible en http://localhost:8080/api-docs/
2024-11-07 10:22:12 [[32minfo[39m]: El servidor está corriendo en http://localhost:8080
2024-11-07 10:22:12 [[32minfo[39m]: La documentación de la API está disponible en http://localhost:8080/api-docs/
2024-11-07 16:56:36 [[32minfo[39m]: El servidor está corriendo en http://localhost:8080
2024-11-07 16:56:36 [[32minfo[39m]: La documentación de la API está disponible en http://localhost:8080/api-docs/
2024-11-08 20:14:52 [[32minfo[39m]: El servidor está corriendo en http://localhost:8080
2024-11-08 20:14:52 [[32minfo[39m]: La documentación de la API está disponible en http://localhost:8080/api-docs/
2024-11-08 20:14:54 [[32minfo[39m]: El servidor está corriendo en http://localhost:8080
2024-11-08 20:14:54 [[32minfo[39m]: La documentación de la API está disponible en http://localhost:8080/api-docs/
2024-11-08 20:17:15 [[32minfo[39m]: El servidor está corriendo en http://localhost:8080
2024-11-08 20:17:15 [[32minfo[39m]: La documentación de la API está disponible en http://localhost:8080/api-docs/
2024-11-08 20:17:21 [[32minfo[39m]: El servidor está corriendo en http://localhost:8080
2024-11-08 20:17:21 [[32minfo[39m]: La documentación de la API está disponible en http://localhost:8080/api-docs/
2024-11-08 20:21:38 [[32minfo[39m]: El servidor está corriendo en http://localhost:8080
2024-11-08 20:21:38 [[32minfo[39m]: La documentación de la API está disponible en http://localhost:8080/api-docs/
2024-11-08 20:23:08 [[31merror[39m]: undefined Unexpected token '"', ""string"" is not valid JSON
2024-11-08 20:23:09 [[32minfo[39m]: El servidor está corriendo en http://localhost:8080
2024-11-08 20:23:09 [[32minfo[39m]: La documentación de la API está disponible en http://localhost:8080/api-docs/
2024-11-08 20:25:01 [[32minfo[39m]: El servidor está corriendo en http://localhost:8080
2024-11-08 20:25:01 [[32minfo[39m]: La documentación de la API está disponible en http://localhost:8080/api-docs/
2024-11-08 20:25:47 [[32minfo[39m]: El servidor está corriendo en http://localhost:8080
2024-11-08 20:25:47 [[32minfo[39m]: La documentación de la API está disponible en http://localhost:8080/api-docs/
2024-11-08 20:35:14 [[32minfo[39m]: El servidor está corriendo en http://localhost:8080
2024-11-08 20:35:14 [[32minfo[39m]: La documentación de la API está disponible en http://localhost:8080/api-docs/
2024-11-08 20:36:11 [[32minfo[39m]: El servidor está corriendo en http://localhost:8080
2024-11-08 20:36:11 [[32minfo[39m]: La documentación de la API está disponible en http://localhost:8080/api-docs/
2024-11-08 20:38:51 [[32minfo[39m]: El servidor está corriendo en http://localhost:8080
2024-11-08 20:38:51 [[32minfo[39m]: La documentación de la API está disponible en http://localhost:8080/api-docs/
2024-11-08 20:39:32 [[32minfo[39m]: El servidor está corriendo en http://localhost:8080
2024-11-08 20:39:32 [[32minfo[39m]: La documentación de la API está disponible en http://localhost:8080/api-docs/
2024-11-08 20:50:26 [[32minfo[39m]: Conexión a MongoDB establecida
2024-11-08 20:50:26 [[32minfo[39m]: El servidor está corriendo en http://localhost:8080
2024-11-08 20:50:26 [[32minfo[39m]: La documentación de la API está disponible en http://localhost:8080/api-docs/
2024-11-08 21:12:17 [[32minfo[39m]: El servidor está corriendo en http://localhost:8080
2024-11-08 21:12:17 [[32minfo[39m]: La documentación de la API está disponible en http://localhost:8080/api-docs/
2024-11-08 22:12:13 [[32minfo[39m]: El servidor está corriendo en http://localhost:8080
2024-11-08 22:12:13 [[32minfo[39m]: La documentación de la API está disponible en http://localhost:8080/api-docs/
2024-11-08 22:12:14 [[32minfo[39m]: El servidor está corriendo en http://localhost:8080
2024-11-08 22:12:14 [[32minfo[39m]: La documentación de la API está disponible en http://localhost:8080/api-docs/
2024-11-09 17:12:46 [[32minfo[39m]: El servidor está corriendo en http://localhost:8080
2024-11-09 17:12:46 [[32minfo[39m]: La documentación de la API está disponible en http://localhost:8080/api-docs/
2024-11-09 17:12:47 [[32minfo[39m]: El servidor está corriendo en http://localhost:8080
2024-11-09 17:12:47 [[32minfo[39m]: La documentación de la API está disponible en http://localhost:8080/api-docs/
2024-11-09 17:15:04 [[32minfo[39m]: El servidor está corriendo en http://localhost:8080
2024-11-09 17:15:04 [[32minfo[39m]: La documentación de la API está disponible en http://localhost:8080/api-docs/
2024-11-09 17:17:43 [[32minfo[39m]: El servidor está corriendo en http://localhost:8080
2024-11-09 17:17:43 [[32minfo[39m]: La documentación de la API está disponible en http://localhost:8080/api-docs/
2024-11-09 17:18:16 [[32minfo[39m]: El servidor está corriendo en http://localhost:8080
2024-11-09 17:18:16 [[32minfo[39m]: La documentación de la API está disponible en http://localhost:8080/api-docs/
2024-11-09 17:22:06 [[32minfo[39m]: El servidor está corriendo en http://localhost:8080
2024-11-09 17:22:06 [[32minfo[39m]: La documentación de la API está disponible en http://localhost:8080/api-docs/
2024-11-09 17:27:57 [[32minfo[39m]: El servidor está corriendo en http://localhost:8080
2024-11-09 17:27:57 [[32minfo[39m]: La documentación de la API está disponible en http://localhost:8080/api-docs/
2024-11-09 18:06:23 [[32minfo[39m]: Base de datos conectada correctamente
2024-11-09 18:06:23 [[32minfo[39m]: El servidor está corriendo en http://localhost:8080
2024-11-09 18:06:23 [[32minfo[39m]: La documentación de la API está disponible en http://localhost:8080/api-docs/
2024-11-09 18:06:33 [[31merror[39m]: undefined usersService is not defined
2024-11-09 18:06:33 [[31merror[39m]: undefined usersService is not defined
2024-11-09 18:06:33 [[31merror[39m]: undefined Parameter "filter" to findOne() must be an object, got "invalidAdoptionId" (type string)
2024-11-09 18:06:33 [[31merror[39m]: undefined bcrypt is not defined
2024-11-09 18:26:40 [[32minfo[39m]: Base de datos conectada correctamente
2024-11-09 18:26:40 [[32minfo[39m]: El servidor está corriendo en http://localhost:8080
2024-11-09 18:26:40 [[32minfo[39m]: La documentación de la API está disponible en http://localhost:8080/api-docs/
2024-11-09 18:26:46 [[31merror[39m]: undefined E11000 duplicate key error collection: proyectoBackendFinal.users index: email_1 dup key: { email: "testuser@example.com" }
2024-11-09 18:26:48 [[32minfo[39m]: Base de datos conectada correctamente
2024-11-09 18:26:48 [[32minfo[39m]: El servidor está corriendo en http://localhost:8080
2024-11-09 18:26:48 [[32minfo[39m]: La documentación de la API está disponible en http://localhost:8080/api-docs/
2024-11-09 18:26:57 [[31merror[39m]: undefined E11000 duplicate key error collection: proyectoBackendFinal.users index: email_1 dup key: { email: "testuser@example.com" }
2024-11-09 18:26:58 [[31merror[39m]: undefined Parameter "filter" to findOne() must be an object, got "invalidAdoptionId" (type string)
2024-11-09 18:26:58 [[31merror[39m]: undefined bcrypt is not defined
2024-11-09 18:28:30 [[31merror[39m]: undefined usersService is not defined
2024-11-09 18:28:30 [[31merror[39m]: undefined usersService is not defined
2024-11-09 18:28:30 [[31merror[39m]: undefined Parameter "filter" to findOne() must be an object, got "invalidAdoptionId" (type string)
2024-11-09 18:28:31 [[31merror[39m]: undefined bcrypt is not defined
2024-11-09 18:30:18 [[32minfo[39m]: Base de datos conectada correctamente
2024-11-09 18:30:18 [[32minfo[39m]: El servidor está corriendo en http://localhost:8080
2024-11-09 18:30:18 [[32minfo[39m]: La documentación de la API está disponible en http://localhost:8080/api-docs/
2024-11-09 18:30:28 [[31merror[39m]: undefined usersService is not defined
2024-11-09 18:30:28 [[31merror[39m]: undefined usersService is not defined
2024-11-09 18:30:28 [[31merror[39m]: undefined Parameter "filter" to findOne() must be an object, got "invalidAdoptionId" (type string)
2024-11-09 18:30:28 [[31merror[39m]: undefined bcrypt is not defined
2024-11-09 18:31:39 [[32minfo[39m]: Base de datos conectada correctamente
2024-11-09 18:31:39 [[32minfo[39m]: El servidor está corriendo en http://localhost:8080
2024-11-09 18:31:39 [[32minfo[39m]: La documentación de la API está disponible en http://localhost:8080/api-docs/
2024-11-09 18:32:59 [[32minfo[39m]: Base de datos conectada correctamente
2024-11-09 18:32:59 [[32minfo[39m]: El servidor está corriendo en http://localhost:8080
2024-11-09 18:32:59 [[32minfo[39m]: La documentación de la API está disponible en http://localhost:8080/api-docs/
2024-11-09 18:33:16 [[31merror[39m]: undefined usersService is not defined
2024-11-09 18:33:16 [[31merror[39m]: undefined usersService is not defined
2024-11-09 18:33:16 [[31merror[39m]: undefined Parameter "filter" to findOne() must be an object, got "invalidAdoptionId" (type string)
2024-11-09 18:33:16 [[31merror[39m]: undefined bcrypt is not defined
2024-11-09 18:34:46 [[32minfo[39m]: Base de datos conectada correctamente
2024-11-09 18:34:46 [[32minfo[39m]: El servidor está corriendo en http://localhost:8080
2024-11-09 18:34:46 [[32minfo[39m]: La documentación de la API está disponible en http://localhost:8080/api-docs/
2024-11-09 18:34:56 [[31merror[39m]: undefined usersService is not defined
2024-11-09 18:34:56 [[31merror[39m]: undefined usersService is not defined
2024-11-09 18:34:56 [[31merror[39m]: undefined Parameter "filter" to findOne() must be an object, got "invalidAdoptionId" (type string)
2024-11-09 18:36:07 [[32minfo[39m]: Base de datos conectada correctamente
2024-11-09 18:36:07 [[32minfo[39m]: El servidor está corriendo en http://localhost:8080
2024-11-09 18:36:07 [[32minfo[39m]: La documentación de la API está disponible en http://localhost:8080/api-docs/
2024-11-09 18:38:13 [[32minfo[39m]: Base de datos conectada correctamente
2024-11-09 18:38:13 [[32minfo[39m]: El servidor está corriendo en http://localhost:8080
2024-11-09 18:38:13 [[32minfo[39m]: La documentación de la API está disponible en http://localhost:8080/api-docs/
2024-11-09 18:39:09 [[32minfo[39m]: Base de datos conectada correctamente
2024-11-09 18:39:09 [[32minfo[39m]: El servidor está corriendo en http://localhost:8080
2024-11-09 18:39:09 [[32minfo[39m]: La documentación de la API está disponible en http://localhost:8080/api-docs/
2024-11-09 18:39:24 [[32minfo[39m]: Base de datos conectada correctamente
2024-11-09 18:39:25 [[32minfo[39m]: El servidor está corriendo en http://localhost:8080
2024-11-09 18:39:25 [[32minfo[39m]: La documentación de la API está disponible en http://localhost:8080/api-docs/
2024-11-09 18:39:38 [[31merror[39m]: undefined usersService is not defined
2024-11-09 18:39:38 [[31merror[39m]: undefined usersService is not defined
2024-11-09 18:39:38 [[31merror[39m]: undefined Parameter "filter" to findOne() must be an object, got "invalidAdoptionId" (type string)
2024-11-09 18:41:31 [[32minfo[39m]: Base de datos conectada correctamente
2024-11-09 18:41:31 [[32minfo[39m]: El servidor está corriendo en http://localhost:8080
2024-11-09 18:41:31 [[32minfo[39m]: La documentación de la API está disponible en http://localhost:8080/api-docs/
2024-11-09 18:41:47 [[32minfo[39m]: Base de datos conectada correctamente
2024-11-09 18:41:47 [[32minfo[39m]: El servidor está corriendo en http://localhost:8080
2024-11-09 18:41:47 [[32minfo[39m]: La documentación de la API está disponible en http://localhost:8080/api-docs/
2024-11-09 18:41:53 [[32minfo[39m]: Base de datos conectada correctamente
2024-11-09 18:41:53 [[32minfo[39m]: El servidor está corriendo en http://localhost:8080
2024-11-09 18:41:53 [[32minfo[39m]: La documentación de la API está disponible en http://localhost:8080/api-docs/
2024-11-09 18:42:37 [[31merror[39m]: undefined usersService is not defined
2024-11-09 18:42:37 [[31merror[39m]: undefined usersService is not defined
2024-11-09 18:42:37 [[31merror[39m]: undefined Parameter "filter" to findOne() must be an object, got "invalidAdoptionId" (type string)
2024-11-09 18:49:47 [[32minfo[39m]: Base de datos conectada correctamente
2024-11-09 18:49:47 [[32minfo[39m]: El servidor está corriendo en http://localhost:8080
2024-11-09 18:49:47 [[32minfo[39m]: La documentación de la API está disponible en http://localhost:8080/api-docs/
2024-11-09 18:49:51 [[31merror[39m]: undefined usersService is not defined
2024-11-09 18:49:52 [[31merror[39m]: undefined usersService is not defined
2024-11-09 18:49:52 [[31merror[39m]: undefined Parameter "filter" to findOne() must be an object, got "invalidAdoptionId" (type string)
2024-11-09 19:06:25 [[32minfo[39m]: Base de datos conectada correctamente
2024-11-09 19:06:25 [[32minfo[39m]: El servidor está corriendo en http://localhost:8080
2024-11-09 19:06:25 [[32minfo[39m]: La documentación de la API está disponible en http://localhost:8080/api-docs/
2024-11-09 19:06:46 [[31merror[39m]: undefined this.usersService.getUserById is not a function
2024-11-09 19:06:46 [[31merror[39m]: undefined this.usersService.getUserById is not a function
2024-11-09 19:06:46 [[31merror[39m]: undefined Parameter "filter" to findOne() must be an object, got "invalidAdoptionId" (type string)
2024-11-09 19:12:04 [[32minfo[39m]: Base de datos conectada correctamente
2024-11-09 19:12:04 [[32minfo[39m]: El servidor está corriendo en http://localhost:8080
2024-11-09 19:12:04 [[32minfo[39m]: La documentación de la API está disponible en http://localhost:8080/api-docs/
2024-11-09 19:12:40 [[31merror[39m]: undefined usersService is not defined
2024-11-09 19:12:40 [[31merror[39m]: undefined usersService is not defined
2024-11-09 19:12:40 [[31merror[39m]: undefined Parameter "filter" to findOne() must be an object, got "invalidAdoptionId" (type string)
2024-11-09 19:20:11 [[32minfo[39m]: Base de datos conectada correctamente
2024-11-09 19:20:11 [[32minfo[39m]: El servidor está corriendo en http://localhost:8080
2024-11-09 19:20:11 [[32minfo[39m]: La documentación de la API está disponible en http://localhost:8080/api-docs/
2024-11-09 19:20:17 [[31merror[39m]: undefined usersService is not defined
2024-11-09 19:20:17 [[31merror[39m]: undefined usersService is not defined
2024-11-09 19:20:17 [[31merror[39m]: undefined Parameter "filter" to findOne() must be an object, got "invalidAdoptionId" (type string)
2024-11-09 19:20:41 [[32minfo[39m]: Base de datos conectada correctamente
2024-11-09 19:20:41 [[32minfo[39m]: El servidor está corriendo en http://localhost:8080
2024-11-09 19:20:41 [[32minfo[39m]: La documentación de la API está disponible en http://localhost:8080/api-docs/
2024-11-09 19:20:50 [[32minfo[39m]: Base de datos conectada correctamente
2024-11-09 19:20:50 [[32minfo[39m]: El servidor está corriendo en http://localhost:8080
2024-11-09 19:20:50 [[32minfo[39m]: La documentación de la API está disponible en http://localhost:8080/api-docs/
2024-11-09 19:20:55 [[31merror[39m]: undefined this.usersService.getUserById is not a function
2024-11-09 19:20:55 [[31merror[39m]: undefined this.usersService.getUserById is not a function
2024-11-09 19:20:55 [[31merror[39m]: undefined Parameter "filter" to findOne() must be an object, got "invalidAdoptionId" (type string)
2024-11-09 19:23:00 [[32minfo[39m]: Base de datos conectada correctamente
2024-11-09 19:23:00 [[32minfo[39m]: El servidor está corriendo en http://localhost:8080
2024-11-09 19:23:00 [[32minfo[39m]: La documentación de la API está disponible en http://localhost:8080/api-docs/
2024-11-09 19:24:45 [[32minfo[39m]: Base de datos conectada correctamente
2024-11-09 19:24:45 [[32minfo[39m]: El servidor está corriendo en http://localhost:8080
2024-11-09 19:24:45 [[32minfo[39m]: La documentación de la API está disponible en http://localhost:8080/api-docs/
2024-11-09 19:24:47 [[32minfo[39m]: Base de datos conectada correctamente
2024-11-09 19:24:47 [[32minfo[39m]: El servidor está corriendo en http://localhost:8080
2024-11-09 19:24:47 [[32minfo[39m]: La documentación de la API está disponible en http://localhost:8080/api-docs/
2024-11-09 19:24:55 [[32minfo[39m]: Base de datos conectada correctamente
2024-11-09 19:24:55 [[32minfo[39m]: El servidor está corriendo en http://localhost:8080
2024-11-09 19:24:55 [[32minfo[39m]: La documentación de la API está disponible en http://localhost:8080/api-docs/
2024-11-09 19:25:03 [[32minfo[39m]: Base de datos conectada correctamente
2024-11-09 19:25:03 [[32minfo[39m]: El servidor está corriendo en http://localhost:8080
2024-11-09 19:25:03 [[32minfo[39m]: La documentación de la API está disponible en http://localhost:8080/api-docs/
2024-11-09 19:25:13 [[31merror[39m]: undefined petsService is not defined
2024-11-09 19:25:13 [[31merror[39m]: undefined petsService is not defined
2024-11-09 19:25:13 [[31merror[39m]: _id Cast to ObjectId failed for value "invalidAdoptionId" (type string) at path "_id" for model "Adoptions"
2024-11-09 19:30:39 [[32minfo[39m]: Base de datos conectada correctamente
2024-11-09 19:30:39 [[32minfo[39m]: El servidor está corriendo en http://localhost:8080
2024-11-09 19:30:39 [[32minfo[39m]: La documentación de la API está disponible en http://localhost:8080/api-docs/
2024-11-09 19:30:45 [[32minfo[39m]: Base de datos conectada correctamente
2024-11-09 19:30:45 [[32minfo[39m]: El servidor está corriendo en http://localhost:8080
2024-11-09 19:30:45 [[32minfo[39m]: La documentación de la API está disponible en http://localhost:8080/api-docs/
2024-11-09 19:31:02 [[32minfo[39m]: Base de datos conectada correctamente
2024-11-09 19:31:02 [[32minfo[39m]: El servidor está corriendo en http://localhost:8080
2024-11-09 19:31:02 [[32minfo[39m]: La documentación de la API está disponible en http://localhost:8080/api-docs/
2024-11-09 19:31:05 [[31merror[39m]: undefined usersService is not defined
2024-11-09 19:31:05 [[31merror[39m]: undefined usersService is not defined
2024-11-09 19:31:05 [[31merror[39m]: undefined Parameter "filter" to findOne() must be an object, got "invalidAdoptionId" (type string)
2024-11-09 19:34:38 [[32minfo[39m]: Base de datos conectada correctamente
2024-11-09 19:34:38 [[32minfo[39m]: El servidor está corriendo en http://localhost:8080
2024-11-09 19:34:38 [[32minfo[39m]: La documentación de la API está disponible en http://localhost:8080/api-docs/
2024-11-09 19:34:45 [[32minfo[39m]: Base de datos conectada correctamente
2024-11-09 19:34:45 [[32minfo[39m]: El servidor está corriendo en http://localhost:8080
2024-11-09 19:34:45 [[32minfo[39m]: La documentación de la API está disponible en http://localhost:8080/api-docs/
2024-11-09 19:34:52 [[32minfo[39m]: Base de datos conectada correctamente
2024-11-09 19:34:52 [[32minfo[39m]: El servidor está corriendo en http://localhost:8080
2024-11-09 19:34:52 [[32minfo[39m]: La documentación de la API está disponible en http://localhost:8080/api-docs/
2024-11-09 19:34:59 [[31merror[39m]: undefined this.petsService.getBy is not a function
2024-11-09 19:34:59 [[31merror[39m]: undefined this.petsService.getBy is not a function
2024-11-09 19:34:59 [[31merror[39m]: _id Cast to ObjectId failed for value "invalidAdoptionId" (type string) at path "_id" for model "Adoptions"
2024-11-09 19:37:23 [[32minfo[39m]: Base de datos conectada correctamente
2024-11-09 19:37:23 [[32minfo[39m]: El servidor está corriendo en http://localhost:8080
2024-11-09 19:37:23 [[32minfo[39m]: La documentación de la API está disponible en http://localhost:8080/api-docs/
2024-11-09 19:37:26 [[32minfo[39m]: Base de datos conectada correctamente
2024-11-09 19:37:26 [[32minfo[39m]: El servidor está corriendo en http://localhost:8080
2024-11-09 19:37:26 [[32minfo[39m]: La documentación de la API está disponible en http://localhost:8080/api-docs/
2024-11-09 19:37:37 [[32minfo[39m]: Base de datos conectada correctamente
2024-11-09 19:37:37 [[32minfo[39m]: El servidor está corriendo en http://localhost:8080
2024-11-09 19:37:37 [[32minfo[39m]: La documentación de la API está disponible en http://localhost:8080/api-docs/
2024-11-09 19:37:51 [[32minfo[39m]: Base de datos conectada correctamente
2024-11-09 19:37:51 [[32minfo[39m]: El servidor está corriendo en http://localhost:8080
2024-11-09 19:37:51 [[32minfo[39m]: La documentación de la API está disponible en http://localhost:8080/api-docs/
2024-11-09 19:37:57 [[32minfo[39m]: Base de datos conectada correctamente
2024-11-09 19:37:57 [[32minfo[39m]: El servidor está corriendo en http://localhost:8080
2024-11-09 19:37:57 [[32minfo[39m]: La documentación de la API está disponible en http://localhost:8080/api-docs/
2024-11-09 19:38:32 [[32minfo[39m]: Base de datos conectada correctamente
2024-11-09 19:38:32 [[32minfo[39m]: El servidor está corriendo en http://localhost:8080
2024-11-09 19:38:32 [[32minfo[39m]: La documentación de la API está disponible en http://localhost:8080/api-docs/
2024-11-09 19:38:38 [[31merror[39m]: _id Cast to ObjectId failed for value "invalidAdoptionId" (type string) at path "_id" for model "Adoptions"
2024-11-09 19:38:54 [[31merror[39m]: _id Cast to ObjectId failed for value "invalidAdoptionId" (type string) at path "_id" for model "Adoptions"
2024-11-09 19:50:32 [[32minfo[39m]: Base de datos conectada correctamente
2024-11-09 19:50:32 [[32minfo[39m]: El servidor está corriendo en http://localhost:8080
2024-11-09 19:50:32 [[32minfo[39m]: La documentación de la API está disponible en http://localhost:8080/api-docs/
2024-11-09 19:51:51 [[32minfo[39m]: Base de datos conectada correctamente
2024-11-09 19:51:51 [[32minfo[39m]: El servidor está corriendo en http://localhost:8080
2024-11-09 19:51:51 [[32minfo[39m]: La documentación de la API está disponible en http://localhost:8080/api-docs/
2024-11-09 19:51:59 [[31merror[39m]: _id Cast to ObjectId failed for value "invalidAdoptionId" (type string) at path "_id" for model "Adoptions"
2024-11-09 19:56:16 [[32minfo[39m]: Base de datos conectada correctamente
2024-11-09 19:56:16 [[32minfo[39m]: El servidor está corriendo en http://localhost:8080
2024-11-09 19:56:16 [[32minfo[39m]: La documentación de la API está disponible en http://localhost:8080/api-docs/
2024-11-09 19:56:41 [[32minfo[39m]: Base de datos conectada correctamente
2024-11-09 19:56:41 [[32minfo[39m]: El servidor está corriendo en http://localhost:8080
2024-11-09 19:56:41 [[32minfo[39m]: La documentación de la API está disponible en http://localhost:8080/api-docs/
2024-11-09 19:56:46 [[31merror[39m]: _id Cast to ObjectId failed for value "invalidAdoptionId" (type string) at path "_id" for model "Adoptions"
2024-11-09 20:11:53 [[32minfo[39m]: Base de datos conectada correctamente
2024-11-09 20:11:53 [[32minfo[39m]: El servidor está corriendo en http://localhost:8080
2024-11-09 20:11:53 [[32minfo[39m]: La documentación de la API está disponible en http://localhost:8080/api-docs/
2024-11-09 20:14:20 [[31merror[39m]: undefined Adoption id 672fecccba7f101c837bf93c not found
2024-11-09 20:15:28 [[32minfo[39m]: Base de datos conectada correctamente
2024-11-09 20:15:28 [[32minfo[39m]: El servidor está corriendo en http://localhost:8080
2024-11-09 20:15:28 [[32minfo[39m]: La documentación de la API está disponible en http://localhost:8080/api-docs/
2024-11-09 20:15:40 [[32minfo[39m]: Base de datos conectada correctamente
2024-11-09 20:15:40 [[32minfo[39m]: El servidor está corriendo en http://localhost:8080
2024-11-09 20:15:40 [[32minfo[39m]: La documentación de la API está disponible en http://localhost:8080/api-docs/
2024-11-09 20:16:31 [[32minfo[39m]: Base de datos conectada correctamente
2024-11-09 20:16:31 [[32minfo[39m]: El servidor está corriendo en http://localhost:8080
2024-11-09 20:16:31 [[32minfo[39m]: La documentación de la API está disponible en http://localhost:8080/api-docs/
2024-11-09 20:16:40 [[31merror[39m]: undefined Adoption id 672fed583bdd3a3b31a9fc93 not found
2024-11-09 20:16:40 [[31merror[39m]: undefined Adoption id 672fed583bdd3a3b31a9fc94 not found
2024-11-09 20:16:50 [[32minfo[39m]: Base de datos conectada correctamente
2024-11-09 20:16:50 [[32minfo[39m]: El servidor está corriendo en http://localhost:8080
2024-11-09 20:16:50 [[32minfo[39m]: La documentación de la API está disponible en http://localhost:8080/api-docs/
2024-11-09 20:16:53 [[31merror[39m]: undefined Adoption id 672fed6590bc28f88ce40e6f not found
2024-11-09 20:19:42 [[32minfo[39m]: Base de datos conectada correctamente
2024-11-09 20:19:42 [[32minfo[39m]: El servidor está corriendo en http://localhost:8080
2024-11-09 20:19:42 [[32minfo[39m]: La documentación de la API está disponible en http://localhost:8080/api-docs/
2024-11-09 20:19:50 [[31merror[39m]: undefined Adoption id 672fee16e2f751a7f6bb390a not found
2024-11-09 20:23:29 [[32minfo[39m]: Base de datos conectada correctamente
2024-11-09 20:23:29 [[32minfo[39m]: El servidor está corriendo en http://localhost:8080
2024-11-09 20:23:29 [[32minfo[39m]: La documentación de la API está disponible en http://localhost:8080/api-docs/
2024-11-09 20:23:35 [[31merror[39m]: undefined Adoption id 672feef72d0689e66e0a639b not found
2024-11-09 20:24:36 [[32minfo[39m]: Base de datos conectada correctamente
2024-11-09 20:24:36 [[32minfo[39m]: El servidor está corriendo en http://localhost:8080
2024-11-09 20:24:36 [[32minfo[39m]: La documentación de la API está disponible en http://localhost:8080/api-docs/
2024-11-09 20:24:43 [[31merror[39m]: Error: Adoption id 672fef3bb6ec08362fc82032 not found - Path: /api/adoptions/672fef3bb6ec08362fc82032
2024-11-09 20:25:03 [[32minfo[39m]: Base de datos conectada correctamente
2024-11-09 20:25:03 [[32minfo[39m]: El servidor está corriendo en http://localhost:8080
2024-11-09 20:25:03 [[32minfo[39m]: La documentación de la API está disponible en http://localhost:8080/api-docs/
2024-11-09 20:27:45 [[32minfo[39m]: Base de datos conectada correctamente
2024-11-09 20:27:45 [[32minfo[39m]: El servidor está corriendo en http://localhost:8080
2024-11-09 20:27:45 [[32minfo[39m]: La documentación de la API está disponible en http://localhost:8080/api-docs/
2024-11-09 20:28:03 [[32minfo[39m]: Base de datos conectada correctamente
2024-11-09 20:28:03 [[32minfo[39m]: El servidor está corriendo en http://localhost:8080
2024-11-09 20:28:03 [[32minfo[39m]: La documentación de la API está disponible en http://localhost:8080/api-docs/
2024-11-09 20:30:14 [[32minfo[39m]: Base de datos conectada correctamente
2024-11-09 20:30:14 [[32minfo[39m]: El servidor está corriendo en http://localhost:8080
2024-11-09 20:30:14 [[32minfo[39m]: La documentación de la API está disponible en http://localhost:8080/api-docs/
2024-11-09 20:30:41 [[32minfo[39m]: Base de datos conectada correctamente
2024-11-09 20:30:41 [[32minfo[39m]: El servidor está corriendo en http://localhost:8080
2024-11-09 20:30:41 [[32minfo[39m]: La documentación de la API está disponible en http://localhost:8080/api-docs/
2024-11-09 20:30:49 [[31merror[39m]: undefined Error al obtener las adopciones
2024-11-09 20:30:51 [[32minfo[39m]: Base de datos conectada correctamente
2024-11-09 20:30:51 [[32minfo[39m]: El servidor está corriendo en http://localhost:8080
2024-11-09 20:30:51 [[32minfo[39m]: La documentación de la API está disponible en http://localhost:8080/api-docs/
2024-11-09 20:30:59 [[32minfo[39m]: Base de datos conectada correctamente
2024-11-09 20:30:59 [[32minfo[39m]: El servidor está corriendo en http://localhost:8080
2024-11-09 20:30:59 [[32minfo[39m]: La documentación de la API está disponible en http://localhost:8080/api-docs/
2024-11-09 20:31:01 [[31merror[39m]: undefined Adoption id 672ff0b540f6e4a7ba2324a1 not found
2024-11-09 20:42:05 [[32minfo[39m]: Base de datos conectada correctamente
2024-11-09 20:42:05 [[32minfo[39m]: El servidor está corriendo en http://localhost:8080
2024-11-09 20:42:05 [[32minfo[39m]: La documentación de la API está disponible en http://localhost:8080/api-docs/
2024-11-09 20:42:33 [[32minfo[39m]: Base de datos conectada correctamente
2024-11-09 20:42:33 [[32minfo[39m]: El servidor está corriendo en http://localhost:8080
2024-11-09 20:42:33 [[32minfo[39m]: La documentación de la API está disponible en http://localhost:8080/api-docs/
2024-11-09 20:45:07 [[31merror[39m]: undefined E11000 duplicate key error collection: proyectoBackendFinal.users index: email_1 dup key: { email: "johndoe@example.com" }
2024-11-09 20:45:22 [[32minfo[39m]: Base de datos conectada correctamente
2024-11-09 20:45:22 [[32minfo[39m]: El servidor está corriendo en http://localhost:8080
2024-11-09 20:45:22 [[32minfo[39m]: La documentación de la API está disponible en http://localhost:8080/api-docs/
2024-11-09 20:45:25 [[31merror[39m]: undefined E11000 duplicate key error collection: proyectoBackendFinal.users index: email_1 dup key: { email: "johndoe@example.com" }
2024-11-09 20:45:49 [[31merror[39m]: undefined E11000 duplicate key error collection: proyectoBackendFinal.users index: email_1 dup key: { email: "johndoe@example.com" }
2024-11-09 20:51:21 [[32minfo[39m]: Base de datos conectada correctamente
2024-11-09 20:51:21 [[32minfo[39m]: El servidor está corriendo en http://localhost:8080
2024-11-09 20:51:21 [[32minfo[39m]: La documentación de la API está disponible en http://localhost:8080/api-docs/
2024-11-09 20:56:21 [[32minfo[39m]: Base de datos conectada correctamente
2024-11-09 20:56:21 [[32minfo[39m]: El servidor está corriendo en http://localhost:8080
2024-11-09 20:56:21 [[32minfo[39m]: La documentación de la API está disponible en http://localhost:8080/api-docs/
2024-11-09 21:28:11 [[32minfo[39m]: Base de datos conectada correctamente
2024-11-09 21:28:11 [[32minfo[39m]: El servidor está corriendo en http://localhost:8080
2024-11-09 21:28:11 [[32minfo[39m]: La documentación de la API está disponible en http://localhost:8080/api-docs/
2024-11-09 21:30:30 [[32minfo[39m]: Base de datos conectada correctamente
2024-11-09 21:30:30 [[32minfo[39m]: El servidor está corriendo en http://localhost:8080
2024-11-09 21:30:30 [[32minfo[39m]: La documentación de la API está disponible en http://localhost:8080/api-docs/
2024-11-09 21:30:35 [[32minfo[39m]: Base de datos conectada correctamente
2024-11-09 21:30:35 [[32minfo[39m]: El servidor está corriendo en http://localhost:8080
2024-11-09 21:30:35 [[32minfo[39m]: La documentación de la API está disponible en http://localhost:8080/api-docs/
2024-11-09 21:30:58 [[32minfo[39m]: Base de datos conectada correctamente
2024-11-09 21:30:58 [[32minfo[39m]: El servidor está corriendo en http://localhost:8080
2024-11-09 21:30:58 [[32minfo[39m]: La documentación de la API está disponible en http://localhost:8080/api-docs/
2024-11-09 21:31:05 [[32minfo[39m]: Base de datos conectada correctamente
2024-11-09 21:31:05 [[32minfo[39m]: El servidor está corriendo en http://localhost:8080
2024-11-09 21:31:05 [[32minfo[39m]: La documentación de la API está disponible en http://localhost:8080/api-docs/
2024-11-09 21:31:09 [[32minfo[39m]: Base de datos conectada correctamente
2024-11-09 21:31:09 [[32minfo[39m]: El servidor está corriendo en http://localhost:8080
2024-11-09 21:31:09 [[32minfo[39m]: La documentación de la API está disponible en http://localhost:8080/api-docs/
2024-11-09 21:31:15 [[32minfo[39m]: Base de datos conectada correctamente
2024-11-09 21:31:15 [[32minfo[39m]: El servidor está corriendo en http://localhost:8080
2024-11-09 21:31:15 [[32minfo[39m]: La documentación de la API está disponible en http://localhost:8080/api-docs/
2024-11-09 21:31:28 [[32minfo[39m]: Base de datos conectada correctamente
2024-11-09 21:31:28 [[32minfo[39m]: El servidor está corriendo en http://localhost:8080
2024-11-09 21:31:28 [[32minfo[39m]: La documentación de la API está disponible en http://localhost:8080/api-docs/
2024-11-09 21:31:32 [[32minfo[39m]: Base de datos conectada correctamente
2024-11-09 21:31:32 [[32minfo[39m]: El servidor está corriendo en http://localhost:8080
2024-11-09 21:31:32 [[32minfo[39m]: La documentación de la API está disponible en http://localhost:8080/api-docs/
2024-11-09 21:31:37 [[32minfo[39m]: Base de datos conectada correctamente
2024-11-09 21:31:37 [[32minfo[39m]: El servidor está corriendo en http://localhost:8080
2024-11-09 21:31:37 [[32minfo[39m]: La documentación de la API está disponible en http://localhost:8080/api-docs/
2024-11-09 21:31:39 [[32minfo[39m]: Base de datos conectada correctamente
2024-11-09 21:31:39 [[32minfo[39m]: El servidor está corriendo en http://localhost:8080
2024-11-09 21:31:39 [[32minfo[39m]: La documentación de la API está disponible en http://localhost:8080/api-docs/
2024-11-09 21:31:41 [[32minfo[39m]: Base de datos conectada correctamente
2024-11-09 21:31:41 [[32minfo[39m]: El servidor está corriendo en http://localhost:8080
2024-11-09 21:31:41 [[32minfo[39m]: La documentación de la API está disponible en http://localhost:8080/api-docs/
2024-11-09 21:31:59 [[32minfo[39m]: Base de datos conectada correctamente
2024-11-09 21:31:59 [[32minfo[39m]: El servidor está corriendo en http://localhost:8080
2024-11-09 21:31:59 [[32minfo[39m]: La documentación de la API está disponible en http://localhost:8080/api-docs/
2024-11-09 21:32:05 [[32minfo[39m]: Base de datos conectada correctamente
2024-11-09 21:32:05 [[32minfo[39m]: El servidor está corriendo en http://localhost:8080
2024-11-09 21:32:05 [[32minfo[39m]: La documentación de la API está disponible en http://localhost:8080/api-docs/
2024-11-09 21:32:08 [[32minfo[39m]: Base de datos conectada correctamente
2024-11-09 21:32:08 [[32minfo[39m]: El servidor está corriendo en http://localhost:8080
2024-11-09 21:32:08 [[32minfo[39m]: La documentación de la API está disponible en http://localhost:8080/api-docs/
2024-11-09 21:32:11 [[32minfo[39m]: Base de datos conectada correctamente
2024-11-09 21:32:11 [[32minfo[39m]: El servidor está corriendo en http://localhost:8080
2024-11-09 21:32:11 [[32minfo[39m]: La documentación de la API está disponible en http://localhost:8080/api-docs/
2024-11-09 21:32:16 [[32minfo[39m]: Base de datos conectada correctamente
2024-11-09 21:32:16 [[32minfo[39m]: El servidor está corriendo en http://localhost:8080
2024-11-09 21:32:16 [[32minfo[39m]: La documentación de la API está disponible en http://localhost:8080/api-docs/
2024-11-09 21:32:32 [[32minfo[39m]: Base de datos conectada correctamente
2024-11-09 21:32:32 [[32minfo[39m]: El servidor está corriendo en http://localhost:8080
2024-11-09 21:32:32 [[32minfo[39m]: La documentación de la API está disponible en http://localhost:8080/api-docs/
2024-11-09 21:32:42 [[32minfo[39m]: Base de datos conectada correctamente
2024-11-09 21:32:42 [[32minfo[39m]: El servidor está corriendo en http://localhost:8080
2024-11-09 21:32:42 [[32minfo[39m]: La documentación de la API está disponible en http://localhost:8080/api-docs/
2024-11-09 21:32:44 [[32minfo[39m]: Base de datos conectada correctamente
2024-11-09 21:32:44 [[32minfo[39m]: El servidor está corriendo en http://localhost:8080
2024-11-09 21:32:44 [[32minfo[39m]: La documentación de la API está disponible en http://localhost:8080/api-docs/
2024-11-09 21:32:48 [[32minfo[39m]: Base de datos conectada correctamente
2024-11-09 21:32:48 [[32minfo[39m]: El servidor está corriendo en http://localhost:8080
2024-11-09 21:32:48 [[32minfo[39m]: La documentación de la API está disponible en http://localhost:8080/api-docs/
2024-11-09 21:32:49 [[32minfo[39m]: Base de datos conectada correctamente
2024-11-09 21:32:49 [[32minfo[39m]: El servidor está corriendo en http://localhost:8080
2024-11-09 21:32:49 [[32minfo[39m]: La documentación de la API está disponible en http://localhost:8080/api-docs/
2024-11-09 21:32:51 [[32minfo[39m]: Base de datos conectada correctamente
2024-11-09 21:32:51 [[32minfo[39m]: El servidor está corriendo en http://localhost:8080
2024-11-09 21:32:51 [[32minfo[39m]: La documentación de la API está disponible en http://localhost:8080/api-docs/
2024-11-09 21:32:59 [[32minfo[39m]: Base de datos conectada correctamente
2024-11-09 21:32:59 [[32minfo[39m]: El servidor está corriendo en http://localhost:8080
2024-11-09 21:32:59 [[32minfo[39m]: La documentación de la API está disponible en http://localhost:8080/api-docs/
2024-11-09 21:33:07 [[32minfo[39m]: Base de datos conectada correctamente
2024-11-09 21:33:07 [[32minfo[39m]: El servidor está corriendo en http://localhost:8080
2024-11-09 21:33:07 [[32minfo[39m]: La documentación de la API está disponible en http://localhost:8080/api-docs/
2024-11-09 21:34:26 [[32minfo[39m]: Base de datos conectada correctamente
2024-11-09 21:34:26 [[32minfo[39m]: El servidor está corriendo en http://localhost:8080
2024-11-09 21:34:26 [[32minfo[39m]: La documentación de la API está disponible en http://localhost:8080/api-docs/
2024-11-09 21:34:28 [[32minfo[39m]: Base de datos conectada correctamente
2024-11-09 21:34:28 [[32minfo[39m]: El servidor está corriendo en http://localhost:8080
2024-11-09 21:34:28 [[32minfo[39m]: La documentación de la API está disponible en http://localhost:8080/api-docs/
2024-11-09 21:34:32 [[32minfo[39m]: Base de datos conectada correctamente
2024-11-09 21:34:32 [[32minfo[39m]: El servidor está corriendo en http://localhost:8080
2024-11-09 21:34:32 [[32minfo[39m]: La documentación de la API está disponible en http://localhost:8080/api-docs/
2024-11-09 21:34:39 [[32minfo[39m]: Base de datos conectada correctamente
2024-11-09 21:34:39 [[32minfo[39m]: El servidor está corriendo en http://localhost:8080
2024-11-09 21:34:39 [[32minfo[39m]: La documentación de la API está disponible en http://localhost:8080/api-docs/
2024-11-09 21:34:42 [[32minfo[39m]: Base de datos conectada correctamente
2024-11-09 21:34:42 [[32minfo[39m]: El servidor está corriendo en http://localhost:8080
2024-11-09 21:34:42 [[32minfo[39m]: La documentación de la API está disponible en http://localhost:8080/api-docs/
2024-11-09 21:34:51 [[32minfo[39m]: Base de datos conectada correctamente
2024-11-09 21:34:51 [[32minfo[39m]: El servidor está corriendo en http://localhost:8080
2024-11-09 21:34:51 [[32minfo[39m]: La documentación de la API está disponible en http://localhost:8080/api-docs/
2024-11-09 21:34:54 [[32minfo[39m]: Base de datos conectada correctamente
2024-11-09 21:34:54 [[32minfo[39m]: El servidor está corriendo en http://localhost:8080
2024-11-09 21:34:54 [[32minfo[39m]: La documentación de la API está disponible en http://localhost:8080/api-docs/
2024-11-09 21:35:03 [[32minfo[39m]: Base de datos conectada correctamente
2024-11-09 21:35:03 [[32minfo[39m]: El servidor está corriendo en http://localhost:8080
2024-11-09 21:35:03 [[32minfo[39m]: La documentación de la API está disponible en http://localhost:8080/api-docs/
2024-11-09 21:35:13 [[32minfo[39m]: Base de datos conectada correctamente
2024-11-09 21:35:13 [[32minfo[39m]: El servidor está corriendo en http://localhost:8080
2024-11-09 21:35:13 [[32minfo[39m]: La documentación de la API está disponible en http://localhost:8080/api-docs/
2024-11-09 21:35:18 [[32minfo[39m]: Base de datos conectada correctamente
2024-11-09 21:35:18 [[32minfo[39m]: El servidor está corriendo en http://localhost:8080
2024-11-09 21:35:18 [[32minfo[39m]: La documentación de la API está disponible en http://localhost:8080/api-docs/
2024-11-09 21:35:21 [[32minfo[39m]: Base de datos conectada correctamente
2024-11-09 21:35:21 [[32minfo[39m]: El servidor está corriendo en http://localhost:8080
2024-11-09 21:35:21 [[32minfo[39m]: La documentación de la API está disponible en http://localhost:8080/api-docs/
2024-11-09 21:35:24 [[32minfo[39m]: Base de datos conectada correctamente
2024-11-09 21:35:24 [[32minfo[39m]: El servidor está corriendo en http://localhost:8080
2024-11-09 21:35:24 [[32minfo[39m]: La documentación de la API está disponible en http://localhost:8080/api-docs/
2024-11-09 21:35:25 [[32minfo[39m]: Base de datos conectada correctamente
2024-11-09 21:35:25 [[32minfo[39m]: El servidor está corriendo en http://localhost:8080
2024-11-09 21:35:25 [[32minfo[39m]: La documentación de la API está disponible en http://localhost:8080/api-docs/
2024-11-09 21:35:28 [[32minfo[39m]: Base de datos conectada correctamente
2024-11-09 21:35:28 [[32minfo[39m]: El servidor está corriendo en http://localhost:8080
2024-11-09 21:35:28 [[32minfo[39m]: La documentación de la API está disponible en http://localhost:8080/api-docs/
2024-11-09 21:35:30 [[32minfo[39m]: Base de datos conectada correctamente
2024-11-09 21:35:30 [[32minfo[39m]: El servidor está corriendo en http://localhost:8080
2024-11-09 21:35:30 [[32minfo[39m]: La documentación de la API está disponible en http://localhost:8080/api-docs/
2024-11-09 21:35:34 [[32minfo[39m]: Base de datos conectada correctamente
2024-11-09 21:35:34 [[32minfo[39m]: El servidor está corriendo en http://localhost:8080
2024-11-09 21:35:34 [[32minfo[39m]: La documentación de la API está disponible en http://localhost:8080/api-docs/
2024-11-09 21:35:36 [[32minfo[39m]: Base de datos conectada correctamente
2024-11-09 21:35:36 [[32minfo[39m]: El servidor está corriendo en http://localhost:8080
2024-11-09 21:35:36 [[32minfo[39m]: La documentación de la API está disponible en http://localhost:8080/api-docs/
2024-11-09 21:35:48 [[32minfo[39m]: Base de datos conectada correctamente
2024-11-09 21:35:48 [[32minfo[39m]: El servidor está corriendo en http://localhost:8080
2024-11-09 21:35:48 [[32minfo[39m]: La documentación de la API está disponible en http://localhost:8080/api-docs/
2024-11-09 21:35:50 [[32minfo[39m]: Base de datos conectada correctamente
2024-11-09 21:35:50 [[32minfo[39m]: El servidor está corriendo en http://localhost:8080
2024-11-09 21:35:50 [[32minfo[39m]: La documentación de la API está disponible en http://localhost:8080/api-docs/
2024-11-09 21:35:54 [[32minfo[39m]: Base de datos conectada correctamente
2024-11-09 21:35:54 [[32minfo[39m]: El servidor está corriendo en http://localhost:8080
2024-11-09 21:35:54 [[32minfo[39m]: La documentación de la API está disponible en http://localhost:8080/api-docs/
2024-11-09 21:35:57 [[32minfo[39m]: Base de datos conectada correctamente
2024-11-09 21:35:57 [[32minfo[39m]: El servidor está corriendo en http://localhost:8080
2024-11-09 21:35:57 [[32minfo[39m]: La documentación de la API está disponible en http://localhost:8080/api-docs/
2024-11-09 21:35:59 [[32minfo[39m]: Base de datos conectada correctamente
2024-11-09 21:35:59 [[32minfo[39m]: El servidor está corriendo en http://localhost:8080
2024-11-09 21:35:59 [[32minfo[39m]: La documentación de la API está disponible en http://localhost:8080/api-docs/
2024-11-09 21:36:02 [[32minfo[39m]: Base de datos conectada correctamente
2024-11-09 21:36:02 [[32minfo[39m]: El servidor está corriendo en http://localhost:8080
2024-11-09 21:36:02 [[32minfo[39m]: La documentación de la API está disponible en http://localhost:8080/api-docs/
2024-11-09 21:36:04 [[32minfo[39m]: Base de datos conectada correctamente
2024-11-09 21:36:04 [[32minfo[39m]: El servidor está corriendo en http://localhost:8080
2024-11-09 21:36:04 [[32minfo[39m]: La documentación de la API está disponible en http://localhost:8080/api-docs/
2024-11-09 21:36:09 [[32minfo[39m]: Base de datos conectada correctamente
2024-11-09 21:36:09 [[32minfo[39m]: El servidor está corriendo en http://localhost:8080
2024-11-09 21:36:09 [[32minfo[39m]: La documentación de la API está disponible en http://localhost:8080/api-docs/
2024-11-09 21:36:14 [[32minfo[39m]: Base de datos conectada correctamente
2024-11-09 21:36:14 [[32minfo[39m]: El servidor está corriendo en http://localhost:8080
2024-11-09 21:36:14 [[32minfo[39m]: La documentación de la API está disponible en http://localhost:8080/api-docs/
2024-11-09 21:36:18 [[32minfo[39m]: Base de datos conectada correctamente
2024-11-09 21:36:18 [[32minfo[39m]: El servidor está corriendo en http://localhost:8080
2024-11-09 21:36:18 [[32minfo[39m]: La documentación de la API está disponible en http://localhost:8080/api-docs/
2024-11-09 21:38:24 [[32minfo[39m]: Base de datos conectada correctamente
2024-11-09 21:38:35 [[32minfo[39m]: Base de datos conectada correctamente
2024-11-09 21:38:45 [[32minfo[39m]: Base de datos conectada correctamente
2024-11-09 21:38:45 [[32minfo[39m]: El servidor está corriendo en http://localhost:8080
2024-11-09 21:38:45 [[32minfo[39m]: La documentación de la API está disponible en http://localhost:8080/api-docs/
2024-11-09 21:38:55 [[32minfo[39m]: Base de datos conectada correctamente
2024-11-09 21:38:55 [[32minfo[39m]: El servidor está corriendo en http://localhost:8080
2024-11-09 21:38:55 [[32minfo[39m]: La documentación de la API está disponible en http://localhost:8080/api-docs/
2024-11-12 18:27:59 [[32minfo[39m]: Base de datos conectada correctamente
2024-11-12 18:27:59 [[32minfo[39m]: El servidor está corriendo en http://localhost:8080
2024-11-12 18:27:59 [[32minfo[39m]: La documentación de la API está disponible en http://localhost:8080/api-docs/
2024-11-12 18:28:16 [[32minfo[39m]: Base de datos conectada correctamente
2024-11-12 18:28:16 [[32minfo[39m]: El servidor está corriendo en http://localhost:8080
2024-11-12 18:28:16 [[32minfo[39m]: La documentación de la API está disponible en http://localhost:8080/api-docs/
2024-11-12 18:38:24 [[32minfo[39m]: Base de datos conectada correctamente
2024-11-12 18:38:24 [[32minfo[39m]: El servidor está corriendo en http://localhost:8080
2024-11-12 18:38:24 [[32minfo[39m]: La documentación de la API está disponible en http://localhost:8080/api-docs/
2024-11-12 18:39:01 [[32minfo[39m]: Base de datos conectada correctamente
2024-11-12 18:39:01 [[32minfo[39m]: El servidor está corriendo en http://localhost:8080
2024-11-12 18:39:01 [[32minfo[39m]: La documentación de la API está disponible en http://localhost:8080/api-docs/
2024-11-13 16:48:51 [[32minfo[39m]: Base de datos conectada correctamente
2024-11-13 16:48:51 [[32minfo[39m]: El servidor está corriendo en http://localhost:8080
2024-11-13 16:48:51 [[32minfo[39m]: La documentación de la API está disponible en http://localhost:8080/api-docs/
2024-11-13 16:49:14 [[32minfo[39m]: Base de datos conectada correctamente
2024-11-13 16:49:14 [[32minfo[39m]: El servidor está corriendo en http://localhost:8080
2024-11-13 16:49:14 [[32minfo[39m]: La documentación de la API está disponible en http://localhost:8080/api-docs/
2024-11-13 16:55:48 [[32minfo[39m]: Base de datos conectada correctamente
2024-11-13 16:55:48 [[32minfo[39m]: El servidor está corriendo en http://localhost:8080
2024-11-13 16:55:48 [[32minfo[39m]: La documentación de la API está disponible en http://localhost:8080/api-docs/
2024-11-13 17:01:48 [[32minfo[39m]: Base de datos conectada correctamente
2024-11-13 17:01:48 [[32minfo[39m]: El servidor está corriendo en http://localhost:8080
2024-11-13 17:01:48 [[32minfo[39m]: La documentación de la API está disponible en http://localhost:8080/api-docs/
